---
driver=<class 'textual.drivers.windows_driver.WindowsDriver'>
event monitor constructed
event monitor thread started
Mount() >>> HoverApp(title='Textual Application')
Mount() >>> DockView(name='DockView#1')
Enter() >>> Hover(name='Hover#8')
Leave() >>> Hover(name='Hover#8')
Enter() >>> Hover(name='Hover#7')
Leave() >>> Hover(name='Hover#7')
Enter() >>> Hover(name='Hover#6')
Leave() >>> Hover(name='Hover#6')
Enter() >>> Hover(name='Hover#5')
Leave() >>> Hover(name='Hover#5')
Enter() >>> Hover(name='Hover#4')
Leave() >>> Hover(name='Hover#4')
Enter() >>> Hover(name='Hover#3')
Leave() >>> Hover(name='Hover#3')
Enter() >>> Hover(name='Hover#2')
Leave() >>> Hover(name='Hover#2')
Enter() >>> Hover(name='Hover#1')
Leave() >>> Hover(name='Hover#1')
Enter() >>> Hover(name='Hover#2')
Leave() >>> Hover(name='Hover#2')
Enter() >>> Hover(name='Hover#3')
Leave() >>> Hover(name='Hover#3')
Enter() >>> Hover(name='Hover#4')
Leave() >>> Hover(name='Hover#4')
Enter() >>> Hover(name='Hover#5')
Leave() >>> Hover(name='Hover#5')
Enter() >>> Hover(name='Hover#6')
Leave() >>> Hover(name='Hover#6')
Enter() >>> Hover(name='Hover#7')
Leave() >>> Hover(name='Hover#7')
Enter() >>> Hover(name='Hover#8')
Leave() >>> Hover(name='Hover#8')
Enter() >>> Hover(name='Hover#9')
Leave() >>> Hover(name='Hover#9')
Enter() >>> Hover(name='Hover#10')
Leave() >>> Hover(name='Hover#10')
Enter() >>> Hover(name='Hover#9')
Leave() >>> Hover(name='Hover#9')
Enter() >>> Hover(name='Hover#8')
Leave() >>> Hover(name='Hover#8')
Enter() >>> Hover(name='Hover#7')
Leave() >>> Hover(name='Hover#7')
Enter() >>> Hover(name='Hover#6')
Leave() >>> Hover(name='Hover#6')
Enter() >>> Hover(name='Hover#5')
Leave() >>> Hover(name='Hover#5')
Enter() >>> Hover(name='Hover#4')
Leave() >>> Hover(name='Hover#4')
Enter() >>> Hover(name='Hover#3')
Leave() >>> Hover(name='Hover#3')
Enter() >>> Hover(name='Hover#2')
Leave() >>> Hover(name='Hover#2')
Enter() >>> Hover(name='Hover#1')
Leave() >>> Hover(name='Hover#1')
Enter() >>> Hover(name='Hover#2')
Leave() >>> Hover(name='Hover#2')
Enter() >>> Hover(name='Hover#3')
Leave() >>> Hover(name='Hover#3')
Enter() >>> Hover(name='Hover#2')
Leave() >>> Hover(name='Hover#2')
Enter() >>> Hover(name='Hover#1')
Leave() >>> Hover(name='Hover#1')
Enter() >>> Hover(name='Hover#2')
Leave() >>> Hover(name='Hover#2')
Enter() >>> Hover(name='Hover#3')
Leave() >>> Hover(name='Hover#3')
Enter() >>> Hover(name='Hover#2')
set_focus Hover(name='Hover#2')
MouseDown(x=2, y=6, screen_x=14, button=1) >>> Hover(name='Hover#2')
MouseUp(x=2, y=6, screen_x=14, button=1) >>> Hover(name='Hover#2')
Click(x=2, y=6, screen_x=14, button=1) >>> Hover(name='Hover#2')
Leave() >>> Hover(name='Hover#2')
Enter() >>> Hover(name='Hover#3')
Leave() >>> Hover(name='Hover#3')
Enter() >>> Hover(name='Hover#4')
set_focus Hover(name='Hover#4')
MouseDown(x=2, y=4, screen_x=38, button=1) >>> Hover(name='Hover#4')
MouseUp(x=2, y=4, screen_x=38, button=1) >>> Hover(name='Hover#4')
Click(x=2, y=4, screen_x=38, button=1) >>> Hover(name='Hover#4')
Leave() >>> Hover(name='Hover#4')
Enter() >>> Hover(name='Hover#5')
set_focus Hover(name='Hover#5')
MouseDown(x=5, y=5, screen_x=53, button=1) >>> Hover(name='Hover#5')
MouseUp(x=5, y=5, screen_x=53, button=1) >>> Hover(name='Hover#5')
Click(x=5, y=5, screen_x=53, button=1) >>> Hover(name='Hover#5')
Leave() >>> Hover(name='Hover#5')
Enter() >>> Hover(name='Hover#6')
set_focus Hover(name='Hover#6')
MouseDown(x=10, y=4, screen_x=70, button=1) >>> Hover(name='Hover#6')
MouseUp(x=10, y=4, screen_x=70, button=1) >>> Hover(name='Hover#6')
Click(x=10, y=4, screen_x=70, button=1) >>> Hover(name='Hover#6')
Leave() >>> Hover(name='Hover#6')
Enter() >>> Hover(name='Hover#7')
set_focus Hover(name='Hover#7')
MouseDown(x=11, y=4, screen_x=83, button=1) >>> Hover(name='Hover#7')
MouseUp(x=11, y=4, screen_x=83, button=1) >>> Hover(name='Hover#7')
Click(x=11, y=4, screen_x=83, button=1) >>> Hover(name='Hover#7')
Leave() >>> Hover(name='Hover#7')
Enter() >>> Hover(name='Hover#8')
set_focus Hover(name='Hover#8')
MouseDown(x=10, y=4, screen_x=94, button=1) >>> Hover(name='Hover#8')
MouseUp(x=10, y=4, screen_x=94, button=1) >>> Hover(name='Hover#8')
Click(x=10, y=4, screen_x=94, button=1) >>> Hover(name='Hover#8')
Leave() >>> Hover(name='Hover#8')
Enter() >>> Hover(name='Hover#9')
set_focus Hover(name='Hover#9')
MouseDown(x=7, y=4, screen_x=103, button=1) >>> Hover(name='Hover#9')
MouseUp(x=9, y=4, screen_x=105, button=1) >>> Hover(name='Hover#9')
Click(x=9, y=4, screen_x=105, button=1) >>> Hover(name='Hover#9')
Leave() >>> Hover(name='Hover#9')
Enter() >>> Hover(name='Hover#10')
set_focus Hover(name='Hover#10')
MouseDown(x=1, y=5, screen_x=109, button=1) >>> Hover(name='Hover#10')
Leave() >>> Hover(name='Hover#10')
Enter() >>> Hover(name='Hover#9')
Leave() >>> Hover(name='Hover#9')
Enter() >>> Hover(name='Hover#8')
Leave() >>> Hover(name='Hover#8')
Enter() >>> Hover(name='Hover#7')
Leave() >>> Hover(name='Hover#7')
Enter() >>> Hover(name='Hover#6')
Leave() >>> Hover(name='Hover#6')
Enter() >>> Hover(name='Hover#5')
MouseUp(x=4, y=4, screen_x=52, button=1) >>> Hover(name='Hover#5')
Click(x=4, y=4, screen_x=52, button=1) >>> Hover(name='Hover#5')
Leave() >>> Hover(name='Hover#5')
Enter() >>> Hover(name='Hover#4')
Leave() >>> Hover(name='Hover#4')
Enter() >>> Hover(name='Hover#3')
Leave() >>> Hover(name='Hover#3')
Enter() >>> Hover(name='Hover#2')
Leave() >>> Hover(name='Hover#2')
Enter() >>> Hover(name='Hover#1')
set_focus Hover(name='Hover#1')
MouseDown(x=10, y=4, button=1) >>> Hover(name='Hover#1')
MouseUp(x=10, y=4, button=1) >>> Hover(name='Hover#1')
Click(x=10, y=4, button=1) >>> Hover(name='Hover#1')
Leave() >>> Hover(name='Hover#1')
Enter() >>> Hover(name='Hover#2')
Leave() >>> Hover(name='Hover#2')
Enter() >>> Hover(name='Hover#3')
Leave() >>> Hover(name='Hover#3')
Enter() >>> Hover(name='Hover#4')
Leave() >>> Hover(name='Hover#4')
Enter() >>> Hover(name='Hover#3')
Leave() >>> Hover(name='Hover#3')
Enter() >>> Hover(name='Hover#6')
Key(key='ctrl+@') >>> HoverApp(title='Textual Application')
Key(key='ctrl+c') >>> HoverApp(title='Textual Application')
ACTION HoverApp(title='Textual Application') quit
event monitor thread finished
CLOSED HoverApp(title='Textual Application')
PROCESS END
